[0m16:05:45.429243 [debug] [MainThread]: Sending event: {'category': 'dbt', 'action': 'invocation', 'label': 'start', 'context': [<snowplow_tracker.self_describing_json.SelfDescribingJson object at 0x0000017F0880B4A0>, <snowplow_tracker.self_describing_json.SelfDescribingJson object at 0x0000017F0B741C70>, <snowplow_tracker.self_describing_json.SelfDescribingJson object at 0x0000017F0CFA6540>]}


============================== 16:05:45.512548 | 77951f64-2f10-4cee-8a28-0efe27fcbda4 ==============================
[0m16:05:45.512548 [info ] [MainThread]: Running with dbt=1.11.11
[0m16:05:45.513562 [debug] [MainThread]: running dbt with arguments {'version_check': 'True', 'no_print': 'None', 'static_parser': 'True', 'warn_error_options': 'WarnErrorOptionsV2(error=[], warn=[], silence=[])', 'target_path': 'None', 'printer_width': '80', 'write_json': 'True', 'introspect': 'True', 'log_cache_events': 'False', 'empty': 'None', 'cache_selected_only': 'False', 'fail_fast': 'False', 'debug': 'False', 'log_format': 'default', 'partial_parse': 'True', 'send_anonymous_usage_stats': 'True', 'quiet': 'False', 'warn_error': 'None', 'profiles_dir': 'C:\\Users\\ishak\\.dbt', 'indirect_selection': 'eager', 'use_colors': 'True', 'invocation_command': 'dbt init', 'use_experimental_parser': 'False', 'log_path': 'logs'}
[0m16:05:45.641675 [info ] [MainThread]: Creating dbt configuration folder at C:\Users\ishak\.dbt
[0m16:07:08.486468 [debug] [MainThread]: Starter project path: C:\Users\ishak\OneDrive\Desktop\Data_Engineering_Projects\Airbnb_Snowflake_DBT_Data_Engineering_Project\AWS_DBT_Snowflake\.venv\Lib\site-packages\dbt\include\starter_project
[0m16:07:08.545252 [info ] [MainThread]: 
Your new dbt project "aws_dbt_snowflake_project" was created!

For more information on how to configure the profiles.yml file,
please consult the dbt documentation here:

  https://docs.getdbt.com/docs/configure-your-profile

One more thing:

Need help? Don't hesitate to reach out to us via GitHub issues or on Slack:

  https://community.getdbt.com/

Happy modeling!

[0m16:07:08.547274 [info ] [MainThread]: Setting up your profile.
[0m16:07:25.898809 [debug] [MainThread]: Snowflake adapter: Setting snowflake.connector to ERROR (file logging only)
[0m16:07:25.899807 [debug] [MainThread]: Snowflake adapter: Setting botocore to ERROR (file logging only)
[0m16:07:25.900813 [debug] [MainThread]: Snowflake adapter: Setting boto3 to ERROR (file logging only)
[0m16:13:16.030999 [info ] [MainThread]: Profile aws_dbt_snowflake_project written to C:\Users\ishak\.dbt\profiles.yml using target's profile_template.yml and your supplied values. Run 'dbt debug' to validate the connection.
[0m16:13:16.033001 [debug] [MainThread]: Command `dbt init` succeeded at 16:13:16.033001 after 450.92 seconds
[0m16:13:16.034000 [debug] [MainThread]: Sending event: {'category': 'dbt', 'action': 'invocation', 'label': 'end', 'context': [<snowplow_tracker.self_describing_json.SelfDescribingJson object at 0x0000017F0B79C2F0>, <snowplow_tracker.self_describing_json.SelfDescribingJson object at 0x0000017F0F3C7440>, <snowplow_tracker.self_describing_json.SelfDescribingJson object at 0x0000017F0D4DEEA0>]}
[0m16:13:16.035001 [debug] [MainThread]: Flushing usage events
[0m16:13:16.654709 [debug] [MainThread]: An error was encountered while trying to flush usage events
[0m17:15:01.909578 [debug] [MainThread]: Sending event: {'category': 'dbt', 'action': 'invocation', 'label': 'start', 'context': [<snowplow_tracker.self_describing_json.SelfDescribingJson object at 0x000001D37C78EC30>, <snowplow_tracker.self_describing_json.SelfDescribingJson object at 0x000001D37C673AA0>, <snowplow_tracker.self_describing_json.SelfDescribingJson object at 0x000001D37B4C7710>]}


============================== 17:15:01.917970 | 595c64aa-6940-4e6f-8cbf-425c3f8c8439 ==============================
[0m17:15:01.917970 [info ] [MainThread]: Running with dbt=1.11.11
[0m17:15:01.918970 [debug] [MainThread]: running dbt with arguments {'static_parser': 'True', 'no_print': 'None', 'version_check': 'True', 'warn_error_options': 'WarnErrorOptionsV2(error=[], warn=[], silence=[])', 'target_path': 'None', 'printer_width': '80', 'write_json': 'True', 'empty': 'False', 'log_cache_events': 'False', 'introspect': 'True', 'cache_selected_only': 'False', 'fail_fast': 'False', 'debug': 'False', 'log_format': 'default', 'partial_parse': 'True', 'send_anonymous_usage_stats': 'True', 'quiet': 'False', 'warn_error': 'None', 'profiles_dir': 'C:\\Users\\ishak\\.dbt', 'invocation_command': 'dbt run --select models/demo', 'use_colors': 'True', 'indirect_selection': 'eager', 'use_experimental_parser': 'False', 'log_path': 'logs'}
[0m17:15:01.918970 [error] [MainThread]: Encountered an error:
Runtime Error
  No dbt_project.yml found at expected path C:\Users\ishak\OneDrive\Desktop\Data_Engineering_Projects\Airbnb_Snowflake_DBT_Data_Engineering_Project\AWS_DBT_Snowflake\dbt_project.yml
  Verify that each entry within packages.yml (and their transitive dependencies) contains a file named dbt_project.yml
  
[0m17:15:01.919972 [debug] [MainThread]: Command `dbt run` failed at 17:15:01.919972 after 0.31 seconds
[0m17:15:01.920972 [debug] [MainThread]: Sending event: {'category': 'dbt', 'action': 'invocation', 'label': 'end', 'context': [<snowplow_tracker.self_describing_json.SelfDescribingJson object at 0x000001D37DE49FA0>, <snowplow_tracker.self_describing_json.SelfDescribingJson object at 0x000001D37A0F5BE0>, <snowplow_tracker.self_describing_json.SelfDescribingJson object at 0x000001D37CC96600>]}
[0m17:15:01.920972 [debug] [MainThread]: Flushing usage events
[0m17:15:02.612984 [debug] [MainThread]: An error was encountered while trying to flush usage events
